<?xml version="1.0" encoding="UTF-8"?>
<!-- Generated by org.testng.reporters.JUnitXMLReporter -->
<testsuite hostname="LAPTOP-MIVCI9BA" ignored="0" name="Test" tests="1" failures="1" timestamp="08 Jan 2020 14:26:18 GMT" time="62.202" errors="0">
  <testcase name="verifylogin" time="0.087" classname="testtesting.logging">
    <failure type="java.lang.NullPointerException">
      <![CDATA[java.lang.NullPointerException
at testtesting.logging.verifylogin(logging.java:25)
... Removed 25 stack frames]]>
    </failure>
  </testcase> <!-- verifylogin -->
</testsuite> <!-- Test -->
